<?xml version="1.0" encoding="UTF-8"?>
<!-- Generated by org.testng.reporters.JUnitXMLReporter -->
<testsuite hostname="LAPTOP-U3PO2TCO" ignored="0" name="Default test" tests="5" failures="0" timestamp="2021-09-27T08:30:22 IST" time="113.99" errors="0">
  <testcase name="Search_products" time="3.016" classname="com.urbanladder.runner.TestRunner"/>
  <testcase name="Search_products" time="2.935" classname="com.urbanladder.runner.TestRunner"/>
  <testcase name="Search_products" time="3.192" classname="com.urbanladder.runner.TestRunner"/>
  <testcase name="Search_products" time="3.163" classname="com.urbanladder.runner.TestRunner"/>
  <testcase name="Search_products" time="3.893" classname="com.urbanladder.runner.TestRunner"/>
</testsuite> <!-- Default test -->
