<?xml version="1.0" encoding="UTF-8"?>
<!-- Generated by org.testng.reporters.JUnitXMLReporter -->
<testsuite hostname="LAPTOP-U3PO2TCO" ignored="0" name="Test" tests="14" failures="0" timestamp="2021-09-26T09:30:53 IST" time="375.946" errors="0">
  <testcase name="count" time="3.104" classname="com.urbanladder.runner.TestRunner"/>
  <testcase name="addcart" time="10.4" classname="com.urbanladder.runner.TestRunner"/>
  <testcase name="EMIverification" time="8.698" classname="com.urbanladder.runner.TestRunner"/>
  <testcase name="StoreVerification" time="7.512" classname="com.urbanladder.runner.TestRunner"/>
  <testcase name="Search_products" time="3.276" classname="com.urbanladder.runner.TestRunner"/>
  <testcase name="Search_products" time="4.542" classname="com.urbanladder.runner.TestRunner"/>
  <testcase name="Search_products" time="4.619" classname="com.urbanladder.runner.TestRunner"/>
  <testcase name="Search_products" time="3.545" classname="com.urbanladder.runner.TestRunner"/>
  <testcase name="Search_products" time="5.963" classname="com.urbanladder.runner.TestRunner"/>
  <testcase name="GoogleVerification" time="4.508" classname="com.urbanladder.runner.TestRunner"/>
  <testcase name="wishlistVerification" time="21.723" classname="com.urbanladder.runner.TestRunner"/>
  <testcase name="helpverification" time="2.312" classname="com.urbanladder.runner.TestRunner"/>
  <testcase name="compareproducts" time="7.961" classname="com.urbanladder.runner.TestRunner"/>
  <testcase name="author" time="2.691" classname="com.urbanladder.runner.TestRunner"/>
</testsuite> <!-- Test -->
