<?xml version="1.0" encoding="UTF-8"?>
<!-- Generated by org.testng.reporters.JUnitXMLReporter -->
<testsuite hostname="LAPTOP-U3PO2TCO" ignored="0" name="Test" tests="14" failures="0" timestamp="26 Sep 2021 06:01:55 GMT" time="471.033" errors="0">
  <testcase name="count" time="3.795" classname="com.urbanladder.runner.TestRunner"/>
  <testcase name="addcart" time="9.902" classname="com.urbanladder.runner.TestRunner"/>
  <testcase name="EMIverification" time="7.172" classname="com.urbanladder.runner.TestRunner"/>
  <testcase name="StoreVerification" time="8.736" classname="com.urbanladder.runner.TestRunner"/>
  <testcase name="Search_products" time="3.161" classname="com.urbanladder.runner.TestRunner"/>
  <testcase name="Search_products" time="3.558" classname="com.urbanladder.runner.TestRunner"/>
  <testcase name="Search_products" time="6.791" classname="com.urbanladder.runner.TestRunner"/>
  <testcase name="Search_products" time="4.046" classname="com.urbanladder.runner.TestRunner"/>
  <testcase name="Search_products" time="20.435" classname="com.urbanladder.runner.TestRunner"/>
  <testcase name="GoogleVerification" time="7.568" classname="com.urbanladder.runner.TestRunner"/>
  <testcase name="wishlistVerification" time="31.38" classname="com.urbanladder.runner.TestRunner"/>
  <testcase name="helpverification" time="1.538" classname="com.urbanladder.runner.TestRunner"/>
  <testcase name="compareproducts" time="31.196" classname="com.urbanladder.runner.TestRunner"/>
  <testcase name="author" time="22.154" classname="com.urbanladder.runner.TestRunner"/>
</testsuite> <!-- Test -->
