<?xml version="1.0" encoding="UTF-8"?>
<testng-results skipped="0" failed="0" ignored="0" total="5" passed="5">
  <reporter-output>
  </reporter-output>
  <suite name="Default suite" duration-ms="113990" started-at="2021-09-27T08:28:28 IST" finished-at="2021-09-27T08:30:22 IST">
    <groups>
    </groups>
    <test name="Default test" duration-ms="113990" started-at="2021-09-27T08:28:28 IST" finished-at="2021-09-27T08:30:22 IST">
      <class name="com.urbanladder.runner.TestRunner">
        <test-method status="PASS" signature="openbrowser()[pri:0, instance:com.urbanladder.runner.TestRunner@865dd6]" name="openbrowser" is-config="true" duration-ms="20354" started-at="2021-09-27T08:28:29 IST" finished-at="2021-09-27T08:28:49 IST">
          <reporter-output>
          </reporter-output>
        </test-method> <!-- openbrowser -->
        <test-method status="PASS" signature="Search_products(java.lang.String)[pri:0, instance:com.urbanladder.runner.TestRunner@865dd6]" name="Search_products" duration-ms="3016" started-at="2021-09-27T08:28:49 IST" data-provider="getdata" finished-at="2021-09-27T08:28:52 IST">
          <params>
            <param index="0">
              <value>
                <![CDATA[bed]]>
              </value>
            </param>
          </params>
          <reporter-output>
          </reporter-output>
        </test-method> <!-- Search_products -->
        <test-method status="PASS" signature="openbrowser()[pri:0, instance:com.urbanladder.runner.TestRunner@865dd6]" name="openbrowser" is-config="true" duration-ms="18958" started-at="2021-09-27T08:28:52 IST" finished-at="2021-09-27T08:29:11 IST">
          <reporter-output>
          </reporter-output>
        </test-method> <!-- openbrowser -->
        <test-method status="PASS" signature="Search_products(java.lang.String)[pri:0, instance:com.urbanladder.runner.TestRunner@865dd6]" name="Search_products" duration-ms="2935" started-at="2021-09-27T08:29:11 IST" data-provider="getdata" finished-at="2021-09-27T08:29:14 IST">
          <params>
            <param index="0">
              <value>
                <![CDATA[chair]]>
              </value>
            </param>
          </params>
          <reporter-output>
          </reporter-output>
        </test-method> <!-- Search_products -->
        <test-method status="PASS" signature="openbrowser()[pri:0, instance:com.urbanladder.runner.TestRunner@865dd6]" name="openbrowser" is-config="true" duration-ms="18260" started-at="2021-09-27T08:29:14 IST" finished-at="2021-09-27T08:29:32 IST">
          <reporter-output>
          </reporter-output>
        </test-method> <!-- openbrowser -->
        <test-method status="PASS" signature="Search_products(java.lang.String)[pri:0, instance:com.urbanladder.runner.TestRunner@865dd6]" name="Search_products" duration-ms="3192" started-at="2021-09-27T08:29:32 IST" data-provider="getdata" finished-at="2021-09-27T08:29:35 IST">
          <params>
            <param index="0">
              <value>
                <![CDATA[sofa]]>
              </value>
            </param>
          </params>
          <reporter-output>
          </reporter-output>
        </test-method> <!-- Search_products -->
        <test-method status="PASS" signature="openbrowser()[pri:0, instance:com.urbanladder.runner.TestRunner@865dd6]" name="openbrowser" is-config="true" duration-ms="19791" started-at="2021-09-27T08:29:35 IST" finished-at="2021-09-27T08:29:55 IST">
          <reporter-output>
          </reporter-output>
        </test-method> <!-- openbrowser -->
        <test-method status="PASS" signature="Search_products(java.lang.String)[pri:0, instance:com.urbanladder.runner.TestRunner@865dd6]" name="Search_products" duration-ms="3163" started-at="2021-09-27T08:29:55 IST" data-provider="getdata" finished-at="2021-09-27T08:29:58 IST">
          <params>
            <param index="0">
              <value>
                <![CDATA[bookshelf]]>
              </value>
            </param>
          </params>
          <reporter-output>
          </reporter-output>
        </test-method> <!-- Search_products -->
        <test-method status="PASS" signature="openbrowser()[pri:0, instance:com.urbanladder.runner.TestRunner@865dd6]" name="openbrowser" is-config="true" duration-ms="18623" started-at="2021-09-27T08:29:58 IST" finished-at="2021-09-27T08:30:17 IST">
          <reporter-output>
          </reporter-output>
        </test-method> <!-- openbrowser -->
        <test-method status="PASS" signature="Search_products(java.lang.String)[pri:0, instance:com.urbanladder.runner.TestRunner@865dd6]" name="Search_products" duration-ms="3893" started-at="2021-09-27T08:30:17 IST" data-provider="getdata" finished-at="2021-09-27T08:30:21 IST">
          <params>
            <param index="0">
              <value>
                <![CDATA[dinning table]]>
              </value>
            </param>
          </params>
          <reporter-output>
          </reporter-output>
        </test-method> <!-- Search_products -->
        <test-method status="PASS" signature="closebrowser()[pri:0, instance:com.urbanladder.runner.TestRunner@865dd6]" name="closebrowser" is-config="true" duration-ms="1121" started-at="2021-09-27T08:30:21 IST" finished-at="2021-09-27T08:30:22 IST">
          <reporter-output>
          </reporter-output>
        </test-method> <!-- closebrowser -->
      </class> <!-- com.urbanladder.runner.TestRunner -->
    </test> <!-- Default test -->
  </suite> <!-- Default suite -->
</testng-results>
